Started GET "/" for 192.168.65.1 at 2025-12-12 07:18:40 +0000
  [1m[36mActiveRecord::SchemaMigration Load (3.0ms)[0m  [1m[34mSELECT `schema_migrations`.`version` FROM `schema_migrations` ORDER BY `schema_migrations`.`version` ASC[0m
Processing by AttendancesController#index as HTML
  Rendering layout layouts/application.html.erb
  Rendering attendances/index.html.erb within layouts/application
  [1m[36mAttendance Exists? (1.4ms)[0m  [1m[34mSELECT 1 AS one FROM `attendances` LIMIT 1[0m
  ↳ app/views/attendances/index.html.erb:17
  [1m[36mAttendance Load (0.9ms)[0m  [1m[34mSELECT `attendances`.* FROM `attendances` ORDER BY `attendances`.`created_at` DESC[0m
  ↳ app/views/attendances/index.html.erb:28
  Rendered attendances/index.html.erb within layouts/application (Duration: 100.7ms | Allocations: 25816)
  Rendered layout layouts/application.html.erb (Duration: 105.3ms | Allocations: 26971)
Completed 200 OK in 133ms (Views: 103.5ms | ActiveRecord: 13.4ms | Allocations: 38082)


Started GET "/" for 192.168.65.1 at 2025-12-12 07:23:56 +0000
Processing by AttendancesController#index as HTML
  Rendering layout layouts/application.html.erb
  Rendering attendances/index.html.erb within layouts/application
  [1m[36mAttendance Exists? (0.3ms)[0m  [1m[34mSELECT 1 AS one FROM `attendances` LIMIT 1[0m
  ↳ app/views/attendances/index.html.erb:17
  [1m[36mAttendance Load (0.2ms)[0m  [1m[34mSELECT `attendances`.* FROM `attendances` ORDER BY `attendances`.`created_at` DESC[0m
  ↳ app/views/attendances/index.html.erb:28
  Rendered attendances/index.html.erb within layouts/application (Duration: 8.8ms | Allocations: 4599)
  Rendered layout layouts/application.html.erb (Duration: 12.5ms | Allocations: 5598)
Completed 200 OK in 19ms (Views: 12.5ms | ActiveRecord: 2.8ms | Allocations: 7592)


Started GET "/attendances/new" for 192.168.65.1 at 2025-12-12 07:24:00 +0000
Processing by AttendancesController#new as HTML
  Rendering layout layouts/application.html.erb
  Rendering attendances/new.html.erb within layouts/application
  Rendered attendances/new.html.erb within layouts/application (Duration: 8.1ms | Allocations: 2473)
  Rendered layout layouts/application.html.erb (Duration: 12.0ms | Allocations: 3257)
Completed 200 OK in 14ms (Views: 12.6ms | ActiveRecord: 0.0ms | Allocations: 3605)


